Started at Thu Dec 05 18:00:05 KST 2024
Processing sim_rb1_robot_cicd_pipeline
Offering sim_rb1_robot_cicd_pipeline to Project Build Discarder
Processing TestJob
Offering TestJob to Project Build Discarder
Processing TestPipeline
Offering TestPipeline to Project Build Discarder
Finished at Thu Dec 05 18:00:05 KST 2024. 30ms
Started at Thu Dec 05 19:00:05 KST 2024
Processing sim_rb1_robot_cicd_pipeline
Offering sim_rb1_robot_cicd_pipeline to Project Build Discarder
Processing TestJob
Offering TestJob to Project Build Discarder
Processing TestPipeline
Offering TestPipeline to Project Build Discarder
Finished at Thu Dec 05 19:00:05 KST 2024. 13ms
Started at Thu Dec 05 20:00:05 KST 2024
Processing sim_rb1_robot_cicd_pipeline
Offering sim_rb1_robot_cicd_pipeline to Project Build Discarder
Processing TestJob
Offering TestJob to Project Build Discarder
Processing TestPipeline
Offering TestPipeline to Project Build Discarder
Finished at Thu Dec 05 20:00:05 KST 2024. 10ms
Started at Thu Dec 05 21:00:05 KST 2024
Processing sim_rb1_robot_cicd_pipeline
Offering sim_rb1_robot_cicd_pipeline to Project Build Discarder
Processing TestJob
Offering TestJob to Project Build Discarder
Processing TestPipeline
Offering TestPipeline to Project Build Discarder
Finished at Thu Dec 05 21:00:05 KST 2024. 40ms
Started at Thu Dec 05 22:00:05 KST 2024
Processing sim_rb1_robot_cicd_pipeline
Offering sim_rb1_robot_cicd_pipeline to Project Build Discarder
Processing TestJob
Offering TestJob to Project Build Discarder
Processing TestPipeline
Offering TestPipeline to Project Build Discarder
Finished at Thu Dec 05 22:00:05 KST 2024. 61ms
Started at Thu Dec 05 23:00:05 KST 2024
Processing sim_rb1_robot_cicd_pipeline
Offering sim_rb1_robot_cicd_pipeline to Project Build Discarder
Processing TestJob
Offering TestJob to Project Build Discarder
Processing TestPipeline
Offering TestPipeline to Project Build Discarder
Finished at Thu Dec 05 23:00:05 KST 2024. 35ms
Started at Fri Dec 06 00:00:05 KST 2024
Processing sim_rb1_robot_cicd_pipeline
Offering sim_rb1_robot_cicd_pipeline to Project Build Discarder
Processing TestJob
Offering TestJob to Project Build Discarder
Processing TestPipeline
Offering TestPipeline to Project Build Discarder
Finished at Fri Dec 06 00:00:05 KST 2024. 30ms
Started at Fri Dec 06 01:00:05 KST 2024
Processing sim_rb1_robot_cicd_pipeline
Offering sim_rb1_robot_cicd_pipeline to Project Build Discarder
Processing TestJob
Offering TestJob to Project Build Discarder
Processing TestPipeline
Offering TestPipeline to Project Build Discarder
Finished at Fri Dec 06 01:00:05 KST 2024. 9ms
Started at Fri Dec 06 02:00:05 KST 2024
Processing sim_rb1_robot_cicd_pipeline
Offering sim_rb1_robot_cicd_pipeline to Project Build Discarder
Processing TestJob
Offering TestJob to Project Build Discarder
Processing TestPipeline
Offering TestPipeline to Project Build Discarder
Finished at Fri Dec 06 02:00:05 KST 2024. 4ms
Started at Fri Dec 06 03:00:05 KST 2024
Processing sim_rb1_robot_cicd_pipeline
Offering sim_rb1_robot_cicd_pipeline to Project Build Discarder
Processing TestJob
Offering TestJob to Project Build Discarder
Processing TestPipeline
Offering TestPipeline to Project Build Discarder
Finished at Fri Dec 06 03:00:05 KST 2024. 3ms
Started at Fri Dec 06 04:00:05 KST 2024
Processing sim_rb1_robot_cicd_pipeline
Offering sim_rb1_robot_cicd_pipeline to Project Build Discarder
Processing TestJob
Offering TestJob to Project Build Discarder
Processing TestPipeline
Offering TestPipeline to Project Build Discarder
Finished at Fri Dec 06 04:00:05 KST 2024. 12ms
Started at Fri Dec 06 05:00:05 KST 2024
Processing sim_rb1_robot_cicd_pipeline
Offering sim_rb1_robot_cicd_pipeline to Project Build Discarder
Processing TestJob
Offering TestJob to Project Build Discarder
Processing TestPipeline
Offering TestPipeline to Project Build Discarder
Finished at Fri Dec 06 05:00:05 KST 2024. 2ms
Started at Fri Dec 06 06:00:05 KST 2024
Processing sim_rb1_robot_cicd_pipeline
Offering sim_rb1_robot_cicd_pipeline to Project Build Discarder
Processing TestJob
Offering TestJob to Project Build Discarder
Processing TestPipeline
Offering TestPipeline to Project Build Discarder
Finished at Fri Dec 06 06:00:05 KST 2024. 11ms
Started at Fri Dec 06 07:00:05 KST 2024
Processing sim_rb1_robot_cicd_pipeline
Offering sim_rb1_robot_cicd_pipeline to Project Build Discarder
Processing TestJob
Offering TestJob to Project Build Discarder
Processing TestPipeline
Offering TestPipeline to Project Build Discarder
Finished at Fri Dec 06 07:00:05 KST 2024. 13ms
Started at Fri Dec 06 08:00:05 KST 2024
Processing sim_rb1_robot_cicd_pipeline
Offering sim_rb1_robot_cicd_pipeline to Project Build Discarder
Processing TestJob
Offering TestJob to Project Build Discarder
Processing TestPipeline
Offering TestPipeline to Project Build Discarder
Finished at Fri Dec 06 08:00:05 KST 2024. 3ms
Started at Fri Dec 06 09:00:05 KST 2024
Processing sim_rb1_robot_cicd_pipeline
Offering sim_rb1_robot_cicd_pipeline to Project Build Discarder
Processing TestJob
Offering TestJob to Project Build Discarder
Processing TestPipeline
Offering TestPipeline to Project Build Discarder
Finished at Fri Dec 06 09:00:05 KST 2024. 32ms
Started at Fri Dec 06 10:00:05 KST 2024
Processing sim_rb1_robot_cicd_pipeline
Offering sim_rb1_robot_cicd_pipeline to Project Build Discarder
Processing TestJob
Offering TestJob to Project Build Discarder
Processing TestPipeline
Offering TestPipeline to Project Build Discarder
Finished at Fri Dec 06 10:00:05 KST 2024. 22ms
